# JRE version: OpenJDK Runtime Environment Corretto-21.0.4.7.1 (21.0.4+7) (build 21.0.4+7-LTS)
# Java VM: OpenJDK 64-Bit Server VM Corretto-21.0.4.7.1 (21.0.4+7-LTS, mixed mode, sharing, tiered, compressed oops, compressed class ptrs, g1 gc, windows-amd64)
GC Precious Log:
 CardTable entry size: 512
 Card Set container configuration: InlinePtr #cards 5 size 8 Array Of Cards #cards 12 size 40 Howl #buckets 4 coarsen threshold 1843 Howl Bitmap #cards 512 size 80 coarsen threshold 460 Card regions per heap region 1 cards per card region 2048
 CPUs: 2 total, 2 available
 Memory: 2820M
 Large Page Support: Disabled
 NUMA Support: Disabled
 Compressed Oops: Enabled (32-bit)
 Heap Region Size: 1M
 Heap Min Capacity: 8M
 Heap Initial Capacity: 46M
 Heap Max Capacity: 706M
 Pre-touch: Disabled
 Parallel Workers: 2
 Concurrent Workers: 1
 Concurrent Refinement Workers: 2
 Periodic GC: Disabled
Heap:
 garbage-first heap   total 47104K, used 7610K [0x00000000d3e00000, 0x0000000100000000)
  region size 1024K, 5 young (5120K), 4 survivors (4096K)
 Metaspace       used 11607K, committed 11840K, reserved 1114112K
  class space    used 1487K, committed 1600K, reserved 1048576K
GC Heap History (6 events):
Event: 8.339 GC heap before
{Heap before GC invocations=0 (full 0):
 garbage-first heap   total 47104K, used 5120K [0x00000000d3e00000, 0x0000000100000000)
  region size 1024K, 6 young (6144K), 0 survivors (0K)
 Metaspace       used 511K, committed 640K, reserved 1114112K
  class space    used 33K, committed 128K, reserved 1048576K
}
Event: 9.123 GC heap after
{Heap after GC invocations=1 (full 0):
 garbage-first heap   total 47104K, used 4032K [0x00000000d3e00000, 0x0000000100000000)
  region size 1024K, 1 young (1024K), 1 survivors (1024K)
 Metaspace       used 511K, committed 640K, reserved 1114112K
  class space    used 33K, committed 128K, reserved 1048576K
}
Event: 10.546 GC heap before
{Heap before GC invocations=1 (full 0):
 garbage-first heap   total 47104K, used 7104K [0x00000000d3e00000, 0x0000000100000000)
  region size 1024K, 4 young (4096K), 1 survivors (1024K)
 Metaspace       used 1792K, committed 1984K, reserved 1114112K
  class space    used 166K, committed 256K, reserved 1048576K
}
Event: 10.551 GC heap after
{Heap after GC invocations=2 (full 0):
 garbage-first heap   total 47104K, used 4463K [0x00000000d3e00000, 0x0000000100000000)
  region size 1024K, 1 young (1024K), 1 survivors (1024K)
 Metaspace       used 1792K, committed 1984K, reserved 1114112K
  class space    used 166K, committed 256K, reserved 1048576K
}
Event: 12.237 GC heap before
{Heap before GC invocations=2 (full 0):
 garbage-first heap   total 47104K, used 11631K [0x00000000d3e00000, 0x0000000100000000)
  region size 1024K, 9 young (9216K), 1 survivors (1024K)
 Metaspace       used 4116K, committed 4288K, reserved 1114112K
  class space    used 491K, committed 576K, reserved 1048576K
}
Event: 12.241 GC heap after
{Heap after GC invocations=3 (full 0):
 garbage-first heap   total 47104K, used 5052K [0x00000000d3e00000, 0x0000000100000000)
  region size 1024K, 1 young (1024K), 1 survivors (1024K)
 Metaspace       used 4116K, committed 4288K, reserved 1114112K
  class space    used 491K, committed 576K, reserved 1048576K
}

